<?xml version="1.0" encoding="UTF-8"?>
<!-- Generated by org.testng.reporters.JUnitReportReporter -->
<testsuite hostname="DESKTOP-7Q50VHC" failures="0" tests="1" name="TestProjects.CheckoutTest" time="13.407" errors="0" timestamp="2022-07-05T12:33:21 EEST" skipped="0">
  <testcase classname="TestProjects.CheckoutTest" name="addToCart" time="13.407"/>
  <system-out/>
</testsuite> <!-- TestProjects.CheckoutTest -->
