<?xml version="1.0" encoding="UTF-8"?>
<!-- Generated by org.testng.reporters.JUnitReportReporter -->
<testsuite hostname="DESKTOP-7Q50VHC" failures="0" tests="1" name="TestProjects.CheckoutTest" time="10.175" errors="0" timestamp="2022-07-03T14:45:35 EEST" skipped="0">
  <testcase classname="TestProjects.CheckoutTest" name="addToCart" time="10.175"/>
  <system-out/>
</testsuite> <!-- TestProjects.CheckoutTest -->
